# JRE version: Java(TM) SE Runtime Environment (8.0_152-b16) (build 1.8.0_152-b16)
# Java VM: Java HotSpot(TM) 64-Bit Server VM (25.152-b16 mixed mode windows-amd64 compressed oops)
Heap:
 PSYoungGen      total 18944K, used 1252K [0x00000000eb100000, 0x00000000ede00000, 0x0000000100000000)
  eden space 16384K, 7% used [0x00000000eb100000,0x00000000eb239098,0x00000000ec100000)
  from space 2560K, 0% used [0x00000000ec100000,0x00000000ec100000,0x00000000ec380000)
  to   space 6656K, 0% used [0x00000000ed780000,0x00000000ed780000,0x00000000ede00000)
 ParOldGen       total 33792K, used 5588K [0x00000000c1200000, 0x00000000c3300000, 0x00000000eb100000)
  object space 33792K, 16% used [0x00000000c1200000,0x00000000c17753d0,0x00000000c3300000)
 Metaspace       used 20629K, capacity 21323K, committed 21552K, reserved 1069056K
  class space    used 2370K, capacity 2578K, committed 2688K, reserved 1048576K
GC Heap History (10 events):
Event: 2.378 GC heap before
{Heap before GC invocations=2 (full 0):
 PSYoungGen      total 18944K, used 18392K [0x00000000eb100000, 0x00000000ec600000, 0x0000000100000000)
  eden space 16384K, 100% used [0x00000000eb100000,0x00000000ec100000,0x00000000ec100000)
  from space 2560K, 78% used [0x00000000ec100000,0x00000000ec2f63b0,0x00000000ec380000)
  to   space 2560K, 0% used [0x00000000ec380000,0x00000000ec380000,0x00000000ec600000)
 ParOldGen       total 44032K, used 8K [0x00000000c1200000, 0x00000000c3d00000, 0x00000000eb100000)
  object space 44032K, 0% used [0x00000000c1200000,0x00000000c1202000,0x00000000c3d00000)
 Metaspace       used 13303K, capacity 13715K, committed 13824K, reserved 1060864K
  class space    used 1312K, capacity 1475K, committed 1536K, reserved 1048576K
Event: 2.382 GC heap after
Heap after GC invocations=2 (full 0):
 PSYoungGen      total 18944K, used 2551K [0x00000000eb100000, 0x00000000ec600000, 0x0000000100000000)
  eden space 16384K, 0% used [0x00000000eb100000,0x00000000eb100000,0x00000000ec100000)
  from space 2560K, 99% used [0x00000000ec380000,0x00000000ec5fdcb8,0x00000000ec600000)
  to   space 2560K, 0% used [0x00000000ec100000,0x00000000ec100000,0x00000000ec380000)
 ParOldGen       total 44032K, used 1539K [0x00000000c1200000, 0x00000000c3d00000, 0x00000000eb100000)
  object space 44032K, 3% used [0x00000000c1200000,0x00000000c1380fe8,0x00000000c3d00000)
 Metaspace       used 13303K, capacity 13715K, committed 13824K, reserved 1060864K
  class space    used 1312K, capacity 1475K, committed 1536K, reserved 1048576K
}
Event: 2.676 GC heap before
{Heap before GC invocations=3 (full 0):
 PSYoungGen      total 18944K, used 18935K [0x00000000eb100000, 0x00000000ec600000, 0x0000000100000000)
  eden space 16384K, 100% used [0x00000000eb100000,0x00000000ec100000,0x00000000ec100000)
  from space 2560K, 99% used [0x00000000ec380000,0x00000000ec5fdcb8,0x00000000ec600000)
  to   space 2560K, 0% used [0x00000000ec100000,0x00000000ec100000,0x00000000ec380000)
 ParOldGen       total 44032K, used 1539K [0x00000000c1200000, 0x00000000c3d00000, 0x00000000eb100000)
  object space 44032K, 3% used [0x00000000c1200000,0x00000000c1380fe8,0x00000000c3d00000)
 Metaspace       used 16114K, capacity 16651K, committed 16768K, reserved 1064960K
  class space    used 1714K, capacity 1905K, committed 1920K, reserved 1048576K
Event: 2.682 GC heap after
Heap after GC invocations=3 (full 0):
 PSYoungGen      total 18944K, used 2544K [0x00000000eb100000, 0x00000000ec600000, 0x0000000100000000)
  eden space 16384K, 0% used [0x00000000eb100000,0x00000000eb100000,0x00000000ec100000)
  from space 2560K, 99% used [0x00000000ec100000,0x00000000ec37c1d0,0x00000000ec380000)
  to   space 2560K, 0% used [0x00000000ec380000,0x00000000ec380000,0x00000000ec600000)
 ParOldGen       total 44032K, used 4383K [0x00000000c1200000, 0x00000000c3d00000, 0x00000000eb100000)
  object space 44032K, 9% used [0x00000000c1200000,0x00000000c1647e88,0x00000000c3d00000)
 Metaspace       used 16114K, capacity 16651K, committed 16768K, reserved 1064960K
  class space    used 1714K, capacity 1905K, committed 1920K, reserved 1048576K
}
Event: 2.935 GC heap before
{Heap before GC invocations=4 (full 0):
 PSYoungGen      total 18944K, used 18928K [0x00000000eb100000, 0x00000000ec600000, 0x0000000100000000)
  eden space 16384K, 100% used [0x00000000eb100000,0x00000000ec100000,0x00000000ec100000)
  from space 2560K, 99% used [0x00000000ec100000,0x00000000ec37c1d0,0x00000000ec380000)
  to   space 2560K, 0% used [0x00000000ec380000,0x00000000ec380000,0x00000000ec600000)
 ParOldGen       total 44032K, used 4383K [0x00000000c1200000, 0x00000000c3d00000, 0x00000000eb100000)
  object space 44032K, 9% used [0x00000000c1200000,0x00000000c1647e88,0x00000000c3d00000)
 Metaspace       used 18571K, capacity 19165K, committed 19456K, reserved 1067008K
  class space    used 2067K, capacity 2264K, committed 2304K, reserved 1048576K
Event: 2.940 GC heap after
Heap after GC invocations=4 (full 0):
 PSYoungGen      total 18944K, used 2544K [0x00000000eb100000, 0x00000000ed600000, 0x0000000100000000)
  eden space 16384K, 0% used [0x00000000eb100000,0x00000000eb100000,0x00000000ec100000)
  from space 2560K, 99% used [0x00000000ec380000,0x00000000ec5fc030,0x00000000ec600000)
  to   space 2560K, 0% used [0x00000000ec100000,0x00000000ec100000,0x00000000ec380000)
 ParOldGen       total 44032K, used 7084K [0x00000000c1200000, 0x00000000c3d00000, 0x00000000eb100000)
  object space 44032K, 16% used [0x00000000c1200000,0x00000000c18eb308,0x00000000c3d00000)
 Metaspace       used 18571K, capacity 19165K, committed 19456K, reserved 1067008K
  class space    used 2067K, capacity 2264K, committed 2304K, reserved 1048576K
}
Event: 3.133 GC heap before
{Heap before GC invocations=5 (full 0):
 PSYoungGen      total 18944K, used 11725K [0x00000000eb100000, 0x00000000ed600000, 0x0000000100000000)
  eden space 16384K, 56% used [0x00000000eb100000,0x00000000eb9f75c8,0x00000000ec100000)
  from space 2560K, 99% used [0x00000000ec380000,0x00000000ec5fc030,0x00000000ec600000)
  to   space 2560K, 0% used [0x00000000ec100000,0x00000000ec100000,0x00000000ec380000)
 ParOldGen       total 44032K, used 7084K [0x00000000c1200000, 0x00000000c3d00000, 0x00000000eb100000)
  object space 44032K, 16% used [0x00000000c1200000,0x00000000c18eb308,0x00000000c3d00000)
 Metaspace       used 20433K, capacity 21105K, committed 21296K, reserved 1069056K
  class space    used 2350K, capacity 2569K, committed 2688K, reserved 1048576K
Event: 3.137 GC heap after
Heap after GC invocations=5 (full 0):
 PSYoungGen      total 18944K, used 2546K [0x00000000eb100000, 0x00000000ede00000, 0x0000000100000000)
  eden space 16384K, 0% used [0x00000000eb100000,0x00000000eb100000,0x00000000ec100000)
  from space 2560K, 99% used [0x00000000ec100000,0x00000000ec37cb70,0x00000000ec380000)
  to   space 6656K, 0% used [0x00000000ed780000,0x00000000ed780000,0x00000000ede00000)
 ParOldGen       total 44032K, used 8434K [0x00000000c1200000, 0x00000000c3d00000, 0x00000000eb100000)
  object space 44032K, 19% used [0x00000000c1200000,0x00000000c1a3c9a0,0x00000000c3d00000)
 Metaspace       used 20433K, capacity 21105K, committed 21296K, reserved 1069056K
  class space    used 2350K, capacity 2569K, committed 2688K, reserved 1048576K
}
Event: 3.137 GC heap before
{Heap before GC invocations=6 (full 1):
 PSYoungGen      total 18944K, used 2546K [0x00000000eb100000, 0x00000000ede00000, 0x0000000100000000)
  eden space 16384K, 0% used [0x00000000eb100000,0x00000000eb100000,0x00000000ec100000)
  from space 2560K, 99% used [0x00000000ec100000,0x00000000ec37cb70,0x00000000ec380000)
  to   space 6656K, 0% used [0x00000000ed780000,0x00000000ed780000,0x00000000ede00000)
 ParOldGen       total 44032K, used 8434K [0x00000000c1200000, 0x00000000c3d00000, 0x00000000eb100000)
  object space 44032K, 19% used [0x00000000c1200000,0x00000000c1a3c9a0,0x00000000c3d00000)
 Metaspace       used 20433K, capacity 21105K, committed 21296K, reserved 1069056K
  class space    used 2350K, capacity 2569K, committed 2688K, reserved 1048576K
Event: 3.169 GC heap after
Heap after GC invocations=6 (full 1):
 PSYoungGen      total 18944K, used 0K [0x00000000eb100000, 0x00000000ede00000, 0x0000000100000000)
  eden space 16384K, 0% used [0x00000000eb100000,0x00000000eb100000,0x00000000ec100000)
  from space 2560K, 0% used [0x00000000ec100000,0x00000000ec100000,0x00000000ec380000)
  to   space 6656K, 0% used [0x00000000ed780000,0x00000000ed780000,0x00000000ede00000)
 ParOldGen       total 33792K, used 5588K [0x00000000c1200000, 0x00000000c3300000, 0x00000000eb100000)
  object space 33792K, 16% used [0x00000000c1200000,0x00000000c17753d0,0x00000000c3300000)
 Metaspace       used 20433K, capacity 21105K, committed 21296K, reserved 1069056K
  class space    used 2350K, capacity 2569K, committed 2688K, reserved 1048576K
}

