# JRE version: Java(TM) SE Runtime Environment (8.0_152-b16) (build 1.8.0_152-b16)
# Java VM: Java HotSpot(TM) 64-Bit Server VM (25.152-b16 mixed mode windows-amd64 compressed oops)
Heap:
 PSYoungGen      total 18944K, used 2245K [0x00000000eb100000, 0x00000000ede00000, 0x0000000100000000)
  eden space 16384K, 13% used [0x00000000eb100000,0x00000000eb3316d0,0x00000000ec100000)
  from space 2560K, 0% used [0x00000000ec100000,0x00000000ec100000,0x00000000ec380000)
  to   space 6656K, 0% used [0x00000000ed780000,0x00000000ed780000,0x00000000ede00000)
 ParOldGen       total 33792K, used 6476K [0x00000000c1200000, 0x00000000c3300000, 0x00000000eb100000)
  object space 33792K, 19% used [0x00000000c1200000,0x00000000c18533d8,0x00000000c3300000)
 Metaspace       used 20683K, capacity 21383K, committed 21552K, reserved 1069056K
  class space    used 2371K, capacity 2578K, committed 2688K, reserved 1048576K
GC Heap History (10 events):
Event: 2.362 GC heap before
{Heap before GC invocations=2 (full 0):
 PSYoungGen      total 18944K, used 18376K [0x00000000eb100000, 0x00000000ec600000, 0x0000000100000000)
  eden space 16384K, 100% used [0x00000000eb100000,0x00000000ec100000,0x00000000ec100000)
  from space 2560K, 77% used [0x00000000ec100000,0x00000000ec2f23c0,0x00000000ec380000)
  to   space 2560K, 0% used [0x00000000ec380000,0x00000000ec380000,0x00000000ec600000)
 ParOldGen       total 44032K, used 8K [0x00000000c1200000, 0x00000000c3d00000, 0x00000000eb100000)
  object space 44032K, 0% used [0x00000000c1200000,0x00000000c1202000,0x00000000c3d00000)
 Metaspace       used 13301K, capacity 13725K, committed 13824K, reserved 1060864K
  class space    used 1315K, capacity 1480K, committed 1536K, reserved 1048576K
Event: 2.366 GC heap after
Heap after GC invocations=2 (full 0):
 PSYoungGen      total 18944K, used 2529K [0x00000000eb100000, 0x00000000ec600000, 0x0000000100000000)
  eden space 16384K, 0% used [0x00000000eb100000,0x00000000eb100000,0x00000000ec100000)
  from space 2560K, 98% used [0x00000000ec380000,0x00000000ec5f85d0,0x00000000ec600000)
  to   space 2560K, 0% used [0x00000000ec100000,0x00000000ec100000,0x00000000ec380000)
 ParOldGen       total 44032K, used 1571K [0x00000000c1200000, 0x00000000c3d00000, 0x00000000eb100000)
  object space 44032K, 3% used [0x00000000c1200000,0x00000000c1388fc8,0x00000000c3d00000)
 Metaspace       used 13301K, capacity 13725K, committed 13824K, reserved 1060864K
  class space    used 1315K, capacity 1480K, committed 1536K, reserved 1048576K
}
Event: 2.638 GC heap before
{Heap before GC invocations=3 (full 0):
 PSYoungGen      total 18944K, used 18902K [0x00000000eb100000, 0x00000000ec600000, 0x0000000100000000)
  eden space 16384K, 99% used [0x00000000eb100000,0x00000000ec0fd590,0x00000000ec100000)
  from space 2560K, 98% used [0x00000000ec380000,0x00000000ec5f85d0,0x00000000ec600000)
  to   space 2560K, 0% used [0x00000000ec100000,0x00000000ec100000,0x00000000ec380000)
 ParOldGen       total 44032K, used 1571K [0x00000000c1200000, 0x00000000c3d00000, 0x00000000eb100000)
  object space 44032K, 3% used [0x00000000c1200000,0x00000000c1388fc8,0x00000000c3d00000)
 Metaspace       used 16139K, capacity 16661K, committed 16768K, reserved 1064960K
  class space    used 1717K, capacity 1910K, committed 1920K, reserved 1048576K
Event: 2.643 GC heap after
Heap after GC invocations=3 (full 0):
 PSYoungGen      total 18944K, used 2529K [0x00000000eb100000, 0x00000000ec600000, 0x0000000100000000)
  eden space 16384K, 0% used [0x00000000eb100000,0x00000000eb100000,0x00000000ec100000)
  from space 2560K, 98% used [0x00000000ec100000,0x00000000ec3785d0,0x00000000ec380000)
  to   space 2560K, 0% used [0x00000000ec380000,0x00000000ec380000,0x00000000ec600000)
 ParOldGen       total 44032K, used 4360K [0x00000000c1200000, 0x00000000c3d00000, 0x00000000eb100000)
  object space 44032K, 9% used [0x00000000c1200000,0x00000000c1642378,0x00000000c3d00000)
 Metaspace       used 16139K, capacity 16661K, committed 16768K, reserved 1064960K
  class space    used 1717K, capacity 1910K, committed 1920K, reserved 1048576K
}
Event: 2.902 GC heap before
{Heap before GC invocations=4 (full 0):
 PSYoungGen      total 18944K, used 18913K [0x00000000eb100000, 0x00000000ec600000, 0x0000000100000000)
  eden space 16384K, 100% used [0x00000000eb100000,0x00000000ec100000,0x00000000ec100000)
  from space 2560K, 98% used [0x00000000ec100000,0x00000000ec3785d0,0x00000000ec380000)
  to   space 2560K, 0% used [0x00000000ec380000,0x00000000ec380000,0x00000000ec600000)
 ParOldGen       total 44032K, used 4360K [0x00000000c1200000, 0x00000000c3d00000, 0x00000000eb100000)
  object space 44032K, 9% used [0x00000000c1200000,0x00000000c1642378,0x00000000c3d00000)
 Metaspace       used 18581K, capacity 19175K, committed 19456K, reserved 1067008K
  class space    used 2067K, capacity 2269K, committed 2304K, reserved 1048576K
Event: 2.907 GC heap after
Heap after GC invocations=4 (full 0):
 PSYoungGen      total 18944K, used 2545K [0x00000000eb100000, 0x00000000ed600000, 0x0000000100000000)
  eden space 16384K, 0% used [0x00000000eb100000,0x00000000eb100000,0x00000000ec100000)
  from space 2560K, 99% used [0x00000000ec380000,0x00000000ec5fc5e0,0x00000000ec600000)
  to   space 2560K, 0% used [0x00000000ec100000,0x00000000ec100000,0x00000000ec380000)
 ParOldGen       total 44032K, used 7081K [0x00000000c1200000, 0x00000000c3d00000, 0x00000000eb100000)
  object space 44032K, 16% used [0x00000000c1200000,0x00000000c18ea400,0x00000000c3d00000)
 Metaspace       used 18581K, capacity 19175K, committed 19456K, reserved 1067008K
  class space    used 2067K, capacity 2269K, committed 2304K, reserved 1048576K
}
Event: 3.080 GC heap before
{Heap before GC invocations=5 (full 0):
 PSYoungGen      total 18944K, used 11839K [0x00000000eb100000, 0x00000000ed600000, 0x0000000100000000)
  eden space 16384K, 56% used [0x00000000eb100000,0x00000000eba139e8,0x00000000ec100000)
  from space 2560K, 99% used [0x00000000ec380000,0x00000000ec5fc5e0,0x00000000ec600000)
  to   space 2560K, 0% used [0x00000000ec100000,0x00000000ec100000,0x00000000ec380000)
 ParOldGen       total 44032K, used 7081K [0x00000000c1200000, 0x00000000c3d00000, 0x00000000eb100000)
  object space 44032K, 16% used [0x00000000c1200000,0x00000000c18ea400,0x00000000c3d00000)
 Metaspace       used 20458K, capacity 21115K, committed 21296K, reserved 1069056K
  class space    used 2351K, capacity 2574K, committed 2688K, reserved 1048576K
Event: 3.084 GC heap after
Heap after GC invocations=5 (full 0):
 PSYoungGen      total 18944K, used 2545K [0x00000000eb100000, 0x00000000ede00000, 0x0000000100000000)
  eden space 16384K, 0% used [0x00000000eb100000,0x00000000eb100000,0x00000000ec100000)
  from space 2560K, 99% used [0x00000000ec100000,0x00000000ec37c5c0,0x00000000ec380000)
  to   space 6656K, 0% used [0x00000000ed780000,0x00000000ed780000,0x00000000ede00000)
 ParOldGen       total 44032K, used 8504K [0x00000000c1200000, 0x00000000c3d00000, 0x00000000eb100000)
  object space 44032K, 19% used [0x00000000c1200000,0x00000000c1a4e0f0,0x00000000c3d00000)
 Metaspace       used 20458K, capacity 21115K, committed 21296K, reserved 1069056K
  class space    used 2351K, capacity 2574K, committed 2688K, reserved 1048576K
}
Event: 3.084 GC heap before
{Heap before GC invocations=6 (full 1):
 PSYoungGen      total 18944K, used 2545K [0x00000000eb100000, 0x00000000ede00000, 0x0000000100000000)
  eden space 16384K, 0% used [0x00000000eb100000,0x00000000eb100000,0x00000000ec100000)
  from space 2560K, 99% used [0x00000000ec100000,0x00000000ec37c5c0,0x00000000ec380000)
  to   space 6656K, 0% used [0x00000000ed780000,0x00000000ed780000,0x00000000ede00000)
 ParOldGen       total 44032K, used 8504K [0x00000000c1200000, 0x00000000c3d00000, 0x00000000eb100000)
  object space 44032K, 19% used [0x00000000c1200000,0x00000000c1a4e0f0,0x00000000c3d00000)
 Metaspace       used 20458K, capacity 21115K, committed 21296K, reserved 1069056K
  class space    used 2351K, capacity 2574K, committed 2688K, reserved 1048576K
Event: 3.115 GC heap after
Heap after GC invocations=6 (full 1):
 PSYoungGen      total 18944K, used 0K [0x00000000eb100000, 0x00000000ede00000, 0x0000000100000000)
  eden space 16384K, 0% used [0x00000000eb100000,0x00000000eb100000,0x00000000ec100000)
  from space 2560K, 0% used [0x00000000ec100000,0x00000000ec100000,0x00000000ec380000)
  to   space 6656K, 0% used [0x00000000ed780000,0x00000000ed780000,0x00000000ede00000)
 ParOldGen       total 33792K, used 6476K [0x00000000c1200000, 0x00000000c3300000, 0x00000000eb100000)
  object space 33792K, 19% used [0x00000000c1200000,0x00000000c18533d8,0x00000000c3300000)
 Metaspace       used 20458K, capacity 21115K, committed 21296K, reserved 1069056K
  class space    used 2351K, capacity 2574K, committed 2688K, reserved 1048576K
}

