# JRE version: Java(TM) SE Runtime Environment (8.0_152-b16) (build 1.8.0_152-b16)
# Java VM: Java HotSpot(TM) 64-Bit Server VM (25.152-b16 mixed mode windows-amd64 compressed oops)
Heap:
 PSYoungGen      total 18944K, used 1010K [0x00000000eb100000, 0x00000000ede00000, 0x0000000100000000)
  eden space 16384K, 6% used [0x00000000eb100000,0x00000000eb1fc918,0x00000000ec100000)
  from space 2560K, 0% used [0x00000000ec100000,0x00000000ec100000,0x00000000ec380000)
  to   space 6656K, 0% used [0x00000000ed780000,0x00000000ed780000,0x00000000ede00000)
 ParOldGen       total 35328K, used 9023K [0x00000000c1200000, 0x00000000c3480000, 0x00000000eb100000)
  object space 35328K, 25% used [0x00000000c1200000,0x00000000c1acfe80,0x00000000c3480000)
 Metaspace       used 20578K, capacity 21335K, committed 21552K, reserved 1069056K
  class space    used 2362K, capacity 2578K, committed 2688K, reserved 1048576K
GC Heap History (10 events):
Event: 4.802 GC heap before
{Heap before GC invocations=2 (full 0):
 PSYoungGen      total 18944K, used 18407K [0x00000000eb100000, 0x00000000ec600000, 0x0000000100000000)
  eden space 16384K, 99% used [0x00000000eb100000,0x00000000ec0ff920,0x00000000ec100000)
  from space 2560K, 79% used [0x00000000ec100000,0x00000000ec2fa3c0,0x00000000ec380000)
  to   space 2560K, 0% used [0x00000000ec380000,0x00000000ec380000,0x00000000ec600000)
 ParOldGen       total 44032K, used 8K [0x00000000c1200000, 0x00000000c3d00000, 0x00000000eb100000)
  object space 44032K, 0% used [0x00000000c1200000,0x00000000c1202000,0x00000000c3d00000)
 Metaspace       used 13258K, capacity 13677K, committed 13824K, reserved 1060864K
  class space    used 1311K, capacity 1480K, committed 1536K, reserved 1048576K
Event: 4.807 GC heap after
Heap after GC invocations=2 (full 0):
 PSYoungGen      total 18944K, used 2544K [0x00000000eb100000, 0x00000000ec600000, 0x0000000100000000)
  eden space 16384K, 0% used [0x00000000eb100000,0x00000000eb100000,0x00000000ec100000)
  from space 2560K, 99% used [0x00000000ec380000,0x00000000ec5fc010,0x00000000ec600000)
  to   space 2560K, 0% used [0x00000000ec100000,0x00000000ec100000,0x00000000ec380000)
 ParOldGen       total 44032K, used 1573K [0x00000000c1200000, 0x00000000c3d00000, 0x00000000eb100000)
  object space 44032K, 3% used [0x00000000c1200000,0x00000000c1389608,0x00000000c3d00000)
 Metaspace       used 13258K, capacity 13677K, committed 13824K, reserved 1060864K
  class space    used 1311K, capacity 1480K, committed 1536K, reserved 1048576K
}
Event: 5.162 GC heap before
{Heap before GC invocations=3 (full 0):
 PSYoungGen      total 18944K, used 18928K [0x00000000eb100000, 0x00000000ec600000, 0x0000000100000000)
  eden space 16384K, 100% used [0x00000000eb100000,0x00000000ec100000,0x00000000ec100000)
  from space 2560K, 99% used [0x00000000ec380000,0x00000000ec5fc010,0x00000000ec600000)
  to   space 2560K, 0% used [0x00000000ec100000,0x00000000ec100000,0x00000000ec380000)
 ParOldGen       total 44032K, used 1573K [0x00000000c1200000, 0x00000000c3d00000, 0x00000000eb100000)
  object space 44032K, 3% used [0x00000000c1200000,0x00000000c1389608,0x00000000c3d00000)
 Metaspace       used 16098K, capacity 16645K, committed 16768K, reserved 1064960K
  class space    used 1711K, capacity 1878K, committed 1920K, reserved 1048576K
Event: 5.167 GC heap after
Heap after GC invocations=3 (full 0):
 PSYoungGen      total 18944K, used 2528K [0x00000000eb100000, 0x00000000ec600000, 0x0000000100000000)
  eden space 16384K, 0% used [0x00000000eb100000,0x00000000eb100000,0x00000000ec100000)
  from space 2560K, 98% used [0x00000000ec100000,0x00000000ec378040,0x00000000ec380000)
  to   space 2560K, 0% used [0x00000000ec380000,0x00000000ec380000,0x00000000ec600000)
 ParOldGen       total 44032K, used 4379K [0x00000000c1200000, 0x00000000c3d00000, 0x00000000eb100000)
  object space 44032K, 9% used [0x00000000c1200000,0x00000000c1646c00,0x00000000c3d00000)
 Metaspace       used 16098K, capacity 16645K, committed 16768K, reserved 1064960K
  class space    used 1711K, capacity 1878K, committed 1920K, reserved 1048576K
}
Event: 5.438 GC heap before
{Heap before GC invocations=4 (full 0):
 PSYoungGen      total 18944K, used 18912K [0x00000000eb100000, 0x00000000ec600000, 0x0000000100000000)
  eden space 16384K, 100% used [0x00000000eb100000,0x00000000ec100000,0x00000000ec100000)
  from space 2560K, 98% used [0x00000000ec100000,0x00000000ec378040,0x00000000ec380000)
  to   space 2560K, 0% used [0x00000000ec380000,0x00000000ec380000,0x00000000ec600000)
 ParOldGen       total 44032K, used 4379K [0x00000000c1200000, 0x00000000c3d00000, 0x00000000eb100000)
  object space 44032K, 9% used [0x00000000c1200000,0x00000000c1646c00,0x00000000c3d00000)
 Metaspace       used 18534K, capacity 19127K, committed 19456K, reserved 1067008K
  class space    used 2060K, capacity 2269K, committed 2304K, reserved 1048576K
Event: 5.442 GC heap after
Heap after GC invocations=4 (full 0):
 PSYoungGen      total 18944K, used 2545K [0x00000000eb100000, 0x00000000ec600000, 0x0000000100000000)
  eden space 16384K, 0% used [0x00000000eb100000,0x00000000eb100000,0x00000000ec100000)
  from space 2560K, 99% used [0x00000000ec380000,0x00000000ec5fc5c0,0x00000000ec600000)
  to   space 2560K, 0% used [0x00000000ec100000,0x00000000ec100000,0x00000000ec380000)
 ParOldGen       total 44032K, used 7109K [0x00000000c1200000, 0x00000000c3d00000, 0x00000000eb100000)
  object space 44032K, 16% used [0x00000000c1200000,0x00000000c18f1628,0x00000000c3d00000)
 Metaspace       used 18534K, capacity 19127K, committed 19456K, reserved 1067008K
  class space    used 2060K, capacity 2269K, committed 2304K, reserved 1048576K
}
Event: 5.634 GC heap before
{Heap before GC invocations=5 (full 0):
 PSYoungGen      total 18944K, used 11858K [0x00000000eb100000, 0x00000000ec600000, 0x0000000100000000)
  eden space 16384K, 56% used [0x00000000eb100000,0x00000000eba185a0,0x00000000ec100000)
  from space 2560K, 99% used [0x00000000ec380000,0x00000000ec5fc5c0,0x00000000ec600000)
  to   space 2560K, 0% used [0x00000000ec100000,0x00000000ec100000,0x00000000ec380000)
 ParOldGen       total 44032K, used 7109K [0x00000000c1200000, 0x00000000c3d00000, 0x00000000eb100000)
  object space 44032K, 16% used [0x00000000c1200000,0x00000000c18f1628,0x00000000c3d00000)
 Metaspace       used 20414K, capacity 21131K, committed 21296K, reserved 1069056K
  class space    used 2345K, capacity 2574K, committed 2688K, reserved 1048576K
Event: 5.638 GC heap after
Heap after GC invocations=5 (full 0):
 PSYoungGen      total 18944K, used 2530K [0x00000000eb100000, 0x00000000ede00000, 0x0000000100000000)
  eden space 16384K, 0% used [0x00000000eb100000,0x00000000eb100000,0x00000000ec100000)
  from space 2560K, 98% used [0x00000000ec100000,0x00000000ec378b60,0x00000000ec380000)
  to   space 6656K, 0% used [0x00000000ed780000,0x00000000ed780000,0x00000000ede00000)
 ParOldGen       total 44032K, used 8523K [0x00000000c1200000, 0x00000000c3d00000, 0x00000000eb100000)
  object space 44032K, 19% used [0x00000000c1200000,0x00000000c1a52f78,0x00000000c3d00000)
 Metaspace       used 20414K, capacity 21131K, committed 21296K, reserved 1069056K
  class space    used 2345K, capacity 2574K, committed 2688K, reserved 1048576K
}
Event: 5.638 GC heap before
{Heap before GC invocations=6 (full 1):
 PSYoungGen      total 18944K, used 2530K [0x00000000eb100000, 0x00000000ede00000, 0x0000000100000000)
  eden space 16384K, 0% used [0x00000000eb100000,0x00000000eb100000,0x00000000ec100000)
  from space 2560K, 98% used [0x00000000ec100000,0x00000000ec378b60,0x00000000ec380000)
  to   space 6656K, 0% used [0x00000000ed780000,0x00000000ed780000,0x00000000ede00000)
 ParOldGen       total 44032K, used 8523K [0x00000000c1200000, 0x00000000c3d00000, 0x00000000eb100000)
  object space 44032K, 19% used [0x00000000c1200000,0x00000000c1a52f78,0x00000000c3d00000)
 Metaspace       used 20414K, capacity 21131K, committed 21296K, reserved 1069056K
  class space    used 2345K, capacity 2574K, committed 2688K, reserved 1048576K
Event: 5.670 GC heap after
Heap after GC invocations=6 (full 1):
 PSYoungGen      total 18944K, used 0K [0x00000000eb100000, 0x00000000ede00000, 0x0000000100000000)
  eden space 16384K, 0% used [0x00000000eb100000,0x00000000eb100000,0x00000000ec100000)
  from space 2560K, 0% used [0x00000000ec100000,0x00000000ec100000,0x00000000ec380000)
  to   space 6656K, 0% used [0x00000000ed780000,0x00000000ed780000,0x00000000ede00000)
 ParOldGen       total 35328K, used 9023K [0x00000000c1200000, 0x00000000c3480000, 0x00000000eb100000)
  object space 35328K, 25% used [0x00000000c1200000,0x00000000c1acfe80,0x00000000c3480000)
 Metaspace       used 20414K, capacity 21131K, committed 21296K, reserved 1069056K
  class space    used 2345K, capacity 2574K, committed 2688K, reserved 1048576K
}

